<?xml version="1.0" encoding="UTF-8"?>
<coverage generated="1608341932198" clover="3.2.0">
  <project timestamp="1608341932198" name="All files">
    <metrics statements="81" coveredstatements="79" conditionals="37" coveredconditionals="32" methods="20" coveredmethods="19" elements="138" coveredelements="130" complexity="0" loc="81" ncloc="81" packages="1" files="3" classes="3"/>
    <file name="Heap.ts" path="/home/doctorwu/study/frontendLearn/算法和数据结构/src/数据结构/Heap.ts">
      <metrics statements="36" coveredstatements="36" conditionals="14" coveredconditionals="13" methods="11" coveredmethods="10"/>
      <line num="1" count="2" type="stmt"/>
      <line num="5" count="3" type="stmt"/>
      <line num="6" count="3" type="stmt"/>
      <line num="7" count="3" type="stmt"/>
      <line num="10" count="2" type="stmt"/>
      <line num="11" count="2" type="stmt"/>
      <line num="13" count="2" type="stmt"/>
      <line num="15" count="3" type="cond" truecount="2" falsecount="0"/>
      <line num="26" count="2" type="stmt"/>
      <line num="27" count="3" type="stmt"/>
      <line num="28" count="3" type="stmt"/>
      <line num="29" count="6" type="stmt"/>
      <line num="36" count="2" type="stmt"/>
      <line num="37" count="1" type="stmt"/>
      <line num="38" count="5" type="stmt"/>
      <line num="39" count="5" type="stmt"/>
      <line num="40" count="5" type="stmt"/>
      <line num="51" count="2" type="stmt"/>
      <line num="52" count="28" type="stmt"/>
      <line num="54" count="28" type="cond" truecount="1" falsecount="1"/>
      <line num="57" count="28" type="stmt"/>
      <line num="58" count="28" type="stmt"/>
      <line num="59" count="28" type="cond" truecount="4" falsecount="0"/>
      <line num="60" count="15" type="stmt"/>
      <line num="63" count="28" type="cond" truecount="4" falsecount="0"/>
      <line num="64" count="4" type="stmt"/>
      <line num="68" count="28" type="cond" truecount="2" falsecount="0"/>
      <line num="69" count="13" type="stmt"/>
      <line num="72" count="15" type="stmt"/>
      <line num="74" count="15" type="stmt"/>
      <line num="76" count="2" type="stmt"/>
      <line num="79" count="28" type="stmt"/>
      <line num="83" count="28" type="stmt"/>
      <line num="88" count="20" type="stmt"/>
      <line num="89" count="20" type="stmt"/>
      <line num="90" count="20" type="stmt"/>
    </file>
    <file name="Tree.ts" path="/home/doctorwu/study/frontendLearn/算法和数据结构/src/数据结构/Tree.ts">
      <metrics statements="36" coveredstatements="34" conditionals="21" coveredconditionals="18" methods="6" coveredmethods="6"/>
      <line num="9" count="1" type="stmt"/>
      <line num="13" count="4" type="stmt"/>
      <line num="14" count="4" type="stmt"/>
      <line num="15" count="4" type="stmt"/>
      <line num="16" count="4" type="stmt"/>
      <line num="19" count="1" type="stmt"/>
      <line num="21" count="1" type="stmt"/>
      <line num="22" count="1" type="stmt"/>
      <line num="25" count="1" type="stmt"/>
      <line num="26" count="4" type="stmt"/>
      <line num="28" count="4" type="stmt"/>
      <line num="31" count="4" type="stmt"/>
      <line num="32" count="4" type="stmt"/>
      <line num="33" count="4" type="stmt"/>
      <line num="35" count="4" type="cond" truecount="2" falsecount="2"/>
      <line num="36" count="0" type="stmt"/>
      <line num="37" count="4" type="cond" truecount="4" falsecount="0"/>
      <line num="38" count="1" type="stmt"/>
      <line num="40" count="3" type="stmt"/>
      <line num="45" count="4" type="cond" truecount="2" falsecount="0"/>
      <line num="46" count="1" type="stmt"/>
      <line num="47" count="1" type="stmt"/>
      <line num="50" count="3" type="cond" truecount="2" falsecount="0"/>
      <line num="51" count="2" type="stmt"/>
      <line num="53" count="1" type="stmt"/>
      <line num="55" count="3" type="stmt"/>
      <line num="59" count="1" type="stmt"/>
      <line num="60" count="4" type="cond" truecount="2" falsecount="0"/>
      <line num="61" count="1" type="cond" truecount="1" falsecount="1"/>
      <line num="62" count="0" type="stmt"/>
      <line num="64" count="7" type="cond" truecount="2" falsecount="0"/>
      <line num="65" count="2" type="stmt"/>
      <line num="67" count="8" type="cond" truecount="1" falsecount="0"/>
      <line num="68" count="6" type="cond" truecount="2" falsecount="0"/>
      <line num="69" count="4" type="stmt"/>
      <line num="72" count="1" type="stmt"/>
    </file>
    <file name="优先级队列.ts" path="/home/doctorwu/study/frontendLearn/算法和数据结构/src/数据结构/优先级队列.ts">
      <metrics statements="9" coveredstatements="9" conditionals="2" coveredconditionals="1" methods="3" coveredmethods="3"/>
      <line num="1" count="1" type="stmt"/>
      <line num="3" count="1" type="stmt"/>
      <line num="5" count="3" type="cond" truecount="1" falsecount="1"/>
      <line num="8" count="1" type="stmt"/>
      <line num="9" count="2" type="stmt"/>
      <line num="10" count="2" type="stmt"/>
      <line num="12" count="2" type="stmt"/>
      <line num="13" count="2" type="stmt"/>
      <line num="15" count="1" type="stmt"/>
    </file>
  </project>
</coverage>
