{"/home/doctorwu/study/frontendLearn/算法和数据结构/src/数据结构/Heap.ts": {"path":"/home/doctorwu/study/frontendLearn/算法和数据结构/src/数据结构/Heap.ts","statementMap":{"0":{"start":{"line":1,"column":0},"end":{"line":1,"column":13}},"1":{"start":{"line":5,"column":8},"end":{"line":5,"column":30}},"2":{"start":{"line":6,"column":8},"end":{"line":6,"column":37}},"3":{"start":{"line":7,"column":8},"end":{"line":7,"column":27}},"4":{"start":{"line":10,"column":4},"end":{"line":10,"column":null}},"5":{"start":{"line":11,"column":0},"end":{"line":11,"column":null}},"6":{"start":{"line":1,"column":13},"end":{"line":1,"column":17}},"7":{"start":{"line":13,"column":0},"end":{"line":13,"column":39}},"8":{"start":{"line":13,"column":32},"end":{"line":13,"column":36}},"9":{"start":{"line":15,"column":8},"end":{"line":15,"column":null}},"10":{"start":{"line":26,"column":4},"end":{"line":31,"column":null}},"11":{"start":{"line":27,"column":18},"end":{"line":27,"column":43}},"12":{"start":{"line":28,"column":8},"end":{"line":30,"column":null}},"13":{"start":{"line":28,"column":20},"end":{"line":28,"column":25}},"14":{"start":{"line":29,"column":12},"end":{"line":29,"column":31}},"15":{"start":{"line":36,"column":4},"end":{"line":42,"column":null}},"16":{"start":{"line":37,"column":8},"end":{"line":41,"column":null}},"17":{"start":{"line":37,"column":20},"end":{"line":37,"column":33}},"18":{"start":{"line":38,"column":12},"end":{"line":38,"column":46}},"19":{"start":{"line":39,"column":12},"end":{"line":39,"column":24}},"20":{"start":{"line":40,"column":12},"end":{"line":40,"column":31}},"21":{"start":{"line":51,"column":4},"end":{"line":75,"column":null}},"22":{"start":{"line":52,"column":18},"end":{"line":52,"column":19}},"23":{"start":{"line":54,"column":8},"end":{"line":54,"column":34}},"24":{"start":{"line":54,"column":27},"end":{"line":54,"column":34}},"25":{"start":{"line":57,"column":18},"end":{"line":57,"column":25}},"26":{"start":{"line":58,"column":18},"end":{"line":58,"column":26}},"27":{"start":{"line":59,"column":8},"end":{"line":61,"column":null}},"28":{"start":{"line":60,"column":12},"end":{"line":60,"column":20}},"29":{"start":{"line":63,"column":8},"end":{"line":65,"column":null}},"30":{"start":{"line":64,"column":12},"end":{"line":64,"column":20}},"31":{"start":{"line":68,"column":8},"end":{"line":70,"column":null}},"32":{"start":{"line":69,"column":12},"end":{"line":69,"column":19}},"33":{"start":{"line":72,"column":8},"end":{"line":72,"column":35}},"34":{"start":{"line":74,"column":8},"end":{"line":74,"column":29}},"35":{"start":{"line":76,"column":0},"end":{"line":76,"column":null}},"36":{"start":{"line":13,"column":13},"end":{"line":13,"column":20}},"37":{"start":{"line":79,"column":4},"end":{"line":79,"column":21}},"38":{"start":{"line":83,"column":4},"end":{"line":83,"column":21}},"39":{"start":{"line":88,"column":4},"end":{"line":88,"column":20}},"40":{"start":{"line":89,"column":4},"end":{"line":89,"column":24}},"41":{"start":{"line":90,"column":4},"end":{"line":90,"column":20}}},"fnMap":{"0":{"name":"(anonymous_7)","decl":{"start":{"line":1,"column":0},"end":{"line":1,"column":13}},"loc":{"start":{"line":1,"column":0},"end":{"line":11,"column":null}}},"1":{"name":"Heap","decl":{"start":{"line":4,"column":4},"end":{"line":4,"column":16}},"loc":{"start":{"line":4,"column":29},"end":{"line":8,"column":5}}},"2":{"name":"(anonymous_9)","decl":{"start":{"line":10,"column":4},"end":{"line":10,"column":15}},"loc":{"start":{"line":10,"column":4},"end":{"line":10,"column":19}}},"3":{"name":"(anonymous_10)","decl":{"start":{"line":13,"column":0},"end":{"line":13,"column":13}},"loc":{"start":{"line":13,"column":0},"end":{"line":76,"column":null}}},"4":{"name":"MaxHeap","decl":{"start":{"line":14,"column":4},"end":{"line":14,"column":16}},"loc":{"start":{"line":14,"column":28},"end":{"line":16,"column":5}}},"5":{"name":"(anonymous_12)","decl":{"start":{"line":26,"column":4},"end":{"line":26,"column":15}},"loc":{"start":{"line":26,"column":4},"end":{"line":31,"column":5}}},"6":{"name":"(anonymous_13)","decl":{"start":{"line":36,"column":4},"end":{"line":36,"column":8}},"loc":{"start":{"line":36,"column":4},"end":{"line":42,"column":5}}},"7":{"name":"(anonymous_14)","decl":{"start":{"line":51,"column":4},"end":{"line":51,"column":14}},"loc":{"start":{"line":51,"column":23},"end":{"line":75,"column":5}}},"8":{"name":"left","decl":{"start":{"line":78,"column":9},"end":{"line":78,"column":13}},"loc":{"start":{"line":78,"column":22},"end":{"line":80,"column":1}}},"9":{"name":"right","decl":{"start":{"line":82,"column":9},"end":{"line":82,"column":14}},"loc":{"start":{"line":82,"column":23},"end":{"line":84,"column":1}}},"10":{"name":"swap","decl":{"start":{"line":86,"column":9},"end":{"line":86,"column":13}},"loc":{"start":{"line":86,"column":53},"end":{"line":91,"column":1}}}},"branchMap":{"0":{"loc":{"start":{"line":15,"column":8},"end":{"line":15,"column":18}},"type":"binary-expr","locations":[{"start":{"line":15,"column":8},"end":{"line":15,"column":18}},{"start":{"line":15,"column":18},"end":{"line":15,"column":null}}]},"1":{"loc":{"start":{"line":54,"column":8},"end":{"line":54,"column":34}},"type":"if","locations":[{"start":{"line":54,"column":8},"end":{"line":54,"column":34}},{"start":{"line":54,"column":8},"end":{"line":54,"column":34}}]},"2":{"loc":{"start":{"line":59,"column":8},"end":{"line":61,"column":null}},"type":"if","locations":[{"start":{"line":59,"column":8},"end":{"line":61,"column":null}},{"start":{"line":59,"column":8},"end":{"line":61,"column":null}}]},"3":{"loc":{"start":{"line":59,"column":11},"end":{"line":59,"column":24}},"type":"binary-expr","locations":[{"start":{"line":59,"column":11},"end":{"line":59,"column":24}},{"start":{"line":59,"column":28},"end":{"line":59,"column":55}}]},"4":{"loc":{"start":{"line":63,"column":8},"end":{"line":65,"column":null}},"type":"if","locations":[{"start":{"line":63,"column":8},"end":{"line":65,"column":null}},{"start":{"line":63,"column":8},"end":{"line":65,"column":null}}]},"5":{"loc":{"start":{"line":63,"column":11},"end":{"line":63,"column":24}},"type":"binary-expr","locations":[{"start":{"line":63,"column":11},"end":{"line":63,"column":24}},{"start":{"line":63,"column":28},"end":{"line":63,"column":55}}]},"6":{"loc":{"start":{"line":68,"column":8},"end":{"line":70,"column":null}},"type":"if","locations":[{"start":{"line":68,"column":8},"end":{"line":70,"column":null}},{"start":{"line":68,"column":8},"end":{"line":70,"column":null}}]}},"s":{"0":2,"1":3,"2":3,"3":3,"4":2,"5":2,"6":2,"7":2,"8":2,"9":3,"10":2,"11":3,"12":3,"13":3,"14":6,"15":2,"16":1,"17":1,"18":5,"19":5,"20":5,"21":2,"22":28,"23":28,"24":0,"25":28,"26":28,"27":28,"28":15,"29":28,"30":4,"31":28,"32":13,"33":15,"34":15,"35":2,"36":2,"37":28,"38":28,"39":20,"40":20,"41":20},"f":{"0":2,"1":3,"2":0,"3":2,"4":3,"5":3,"6":1,"7":28,"8":28,"9":28,"10":20},"b":{"0":[3,3],"1":[0,28],"2":[15,13],"3":[28,18],"4":[4,24],"5":[28,16],"6":[13,15]}}
,"/home/doctorwu/study/frontendLearn/算法和数据结构/src/数据结构/优先级队列.ts": {"path":"/home/doctorwu/study/frontendLearn/算法和数据结构/src/数据结构/优先级队列.ts","statementMap":{"0":{"start":{"line":1,"column":0},"end":{"line":1,"column":31}},"1":{"start":{"line":3,"column":0},"end":{"line":3,"column":48}},"2":{"start":{"line":3,"column":38},"end":{"line":3,"column":45}},"3":{"start":{"line":5,"column":8},"end":{"line":5,"column":null}},"4":{"start":{"line":8,"column":4},"end":{"line":14,"column":null}},"5":{"start":{"line":9,"column":8},"end":{"line":9,"column":32}},"6":{"start":{"line":10,"column":8},"end":{"line":10,"column":20}},"7":{"start":{"line":12,"column":8},"end":{"line":12,"column":27}},"8":{"start":{"line":13,"column":8},"end":{"line":13,"column":25}},"9":{"start":{"line":15,"column":0},"end":{"line":15,"column":null}},"10":{"start":{"line":3,"column":13},"end":{"line":3,"column":26}}},"fnMap":{"0":{"name":"(anonymous_6)","decl":{"start":{"line":3,"column":0},"end":{"line":3,"column":13}},"loc":{"start":{"line":3,"column":0},"end":{"line":15,"column":null}}},"1":{"name":"PriorityQueue","decl":{"start":{"line":4,"column":4},"end":{"line":4,"column":16}},"loc":{"start":{"line":4,"column":29},"end":{"line":6,"column":5}}},"2":{"name":"(anonymous_8)","decl":{"start":{"line":8,"column":4},"end":{"line":8,"column":8}},"loc":{"start":{"line":8,"column":15},"end":{"line":14,"column":5}}}},"branchMap":{"0":{"loc":{"start":{"line":5,"column":8},"end":{"line":5,"column":19}},"type":"binary-expr","locations":[{"start":{"line":5,"column":8},"end":{"line":5,"column":19}},{"start":{"line":5,"column":19},"end":{"line":5,"column":null}}]}},"s":{"0":1,"1":1,"2":1,"3":3,"4":1,"5":2,"6":2,"7":2,"8":2,"9":1,"10":1},"f":{"0":1,"1":3,"2":2},"b":{"0":[3,0]}}
}
