TN:
SF:src/数据结构/Heap.ts
FN:1,(anonymous_8)
FN:4,Heap
FN:10,(anonymous_10)
FN:13,(anonymous_11)
FN:14,MaxHeap
FN:26,(anonymous_13)
FN:36,(anonymous_14)
FN:51,(anonymous_15)
FN:78,left
FN:82,right
FN:86,swap
FNF:11
FNH:10
FNDA:2,(anonymous_8)
FNDA:3,Heap
FNDA:0,(anonymous_10)
FNDA:2,(anonymous_11)
FNDA:3,MaxHeap
FNDA:3,(anonymous_13)
FNDA:1,(anonymous_14)
FNDA:28,(anonymous_15)
FNDA:28,left
FNDA:28,right
FNDA:20,swap
DA:1,2
DA:5,3
DA:6,3
DA:7,3
DA:10,2
DA:11,2
DA:13,2
DA:15,3
DA:26,2
DA:27,3
DA:28,3
DA:29,6
DA:36,2
DA:37,1
DA:38,5
DA:39,5
DA:40,5
DA:51,2
DA:52,28
DA:54,28
DA:57,28
DA:58,28
DA:59,28
DA:60,15
DA:63,28
DA:64,4
DA:68,28
DA:69,13
DA:72,15
DA:74,15
DA:76,2
DA:79,28
DA:83,28
DA:88,20
DA:89,20
DA:90,20
LF:36
LH:36
BRDA:15,0,0,3
BRDA:15,0,1,3
BRDA:54,1,0,0
BRDA:54,1,1,28
BRDA:59,2,0,15
BRDA:59,2,1,13
BRDA:59,3,0,28
BRDA:59,3,1,18
BRDA:63,4,0,4
BRDA:63,4,1,24
BRDA:63,5,0,28
BRDA:63,5,1,16
BRDA:68,6,0,13
BRDA:68,6,1,15
BRF:14
BRH:13
end_of_record
TN:
SF:src/数据结构/Tree.ts
FN:11,(anonymous_8)
FN:15,BinarySearchTreeNode
FN:23,(anonymous_10)
FN:24,BinarySearchTree
FN:27,(anonymous_12)
FN:61,(anonymous_13)
FNF:6
FNH:6
FNDA:1,(anonymous_8)
FNDA:6,BinarySearchTreeNode
FNDA:1,(anonymous_10)
FNDA:1,BinarySearchTree
FNDA:5,(anonymous_12)
FNDA:6,(anonymous_13)
DA:11,1
DA:15,6
DA:16,6
DA:17,6
DA:18,6
DA:21,1
DA:23,1
DA:24,1
DA:27,1
DA:28,5
DA:30,5
DA:33,5
DA:34,5
DA:35,8
DA:37,8
DA:38,2
DA:39,6
DA:40,1
DA:42,5
DA:47,5
DA:48,0
DA:49,0
DA:52,5
DA:53,2
DA:55,3
DA:57,5
DA:61,1
DA:62,6
DA:63,1
DA:64,0
DA:66,9
DA:67,6
DA:69,12
DA:70,10
DA:71,4
DA:74,1
LF:36
LH:33
BRDA:37,0,0,2
BRDA:37,0,1,6
BRDA:37,1,0,8
BRDA:37,1,1,4
BRDA:39,2,0,1
BRDA:39,2,1,5
BRDA:39,3,0,6
BRDA:39,3,1,2
BRDA:47,4,0,0
BRDA:47,4,1,5
BRDA:52,5,0,2
BRDA:52,5,1,3
BRDA:69,6,0,6
BRDA:62,7,0,1
BRDA:62,7,1,5
BRDA:63,8,0,1
BRDA:63,8,1,0
BRDA:66,9,0,3
BRDA:66,9,1,3
BRDA:70,10,0,4
BRDA:70,10,1,2
BRF:21
BRH:19
end_of_record
TN:
SF:src/数据结构/优先级队列.ts
FN:3,(anonymous_6)
FN:4,PriorityQueue
FN:8,(anonymous_8)
FNF:3
FNH:3
FNDA:1,(anonymous_6)
FNDA:3,PriorityQueue
FNDA:2,(anonymous_8)
DA:1,1
DA:3,1
DA:5,3
DA:8,1
DA:9,2
DA:10,2
DA:12,2
DA:13,2
DA:15,1
LF:9
LH:9
BRDA:5,0,0,3
BRDA:5,0,1,0
BRF:2
BRH:1
end_of_record
TN:
SF:src/算法/KMP.ts
FN:1,(anonymous_0)
FN:2,(anonymous_2)
FN:20,(anonymous_3)
FNF:3
FNH:3
FNDA:1,(anonymous_0)
FNDA:4,(anonymous_2)
FNDA:2,(anonymous_3)
DA:1,1
DA:2,1
DA:3,4
DA:4,4
DA:5,19
DA:6,35
DA:7,45
DA:10,35
DA:11,8
DA:12,8
DA:15,19
DA:18,4
DA:20,1
DA:21,2
DA:22,2
DA:23,2
DA:24,2
DA:25,2
DA:26,2
DA:28,2
DA:29,28
DA:30,19
DA:31,19
DA:33,9
DA:34,9
DA:35,3
DA:36,3
DA:38,6
DA:42,2
DA:43,0
DA:45,1
LF:31
LH:30
BRDA:7,0,0,27
BRDA:7,0,1,18
BRDA:10,1,0,8
BRDA:10,1,1,27
BRDA:15,2,0,11
BRDA:15,2,1,8
BRDA:28,3,0,30
BRDA:28,3,1,30
BRDA:29,4,0,19
BRDA:29,4,1,9
BRDA:34,5,0,3
BRDA:34,5,1,6
BRDA:42,6,0,2
BRDA:42,6,1,0
BRF:14
BRH:13
end_of_record
