TN:
SF:src/数据结构/Heap.ts
FN:1,(anonymous_7)
FN:4,Heap
FN:10,(anonymous_9)
FN:13,(anonymous_10)
FN:14,MaxHeap
FN:26,(anonymous_12)
FN:36,(anonymous_13)
FN:51,(anonymous_14)
FN:78,left
FN:82,right
FN:86,swap
FNF:11
FNH:10
FNDA:2,(anonymous_7)
FNDA:3,Heap
FNDA:0,(anonymous_9)
FNDA:2,(anonymous_10)
FNDA:3,MaxHeap
FNDA:3,(anonymous_12)
FNDA:1,(anonymous_13)
FNDA:28,(anonymous_14)
FNDA:28,left
FNDA:28,right
FNDA:20,swap
DA:1,2
DA:5,3
DA:6,3
DA:7,3
DA:10,2
DA:11,2
DA:13,2
DA:15,3
DA:26,2
DA:27,3
DA:28,3
DA:29,6
DA:36,2
DA:37,1
DA:38,5
DA:39,5
DA:40,5
DA:51,2
DA:52,28
DA:54,28
DA:57,28
DA:58,28
DA:59,28
DA:60,15
DA:63,28
DA:64,4
DA:68,28
DA:69,13
DA:72,15
DA:74,15
DA:76,2
DA:79,28
DA:83,28
DA:88,20
DA:89,20
DA:90,20
LF:36
LH:36
BRDA:15,0,0,3
BRDA:15,0,1,3
BRDA:54,1,0,0
BRDA:54,1,1,28
BRDA:59,2,0,15
BRDA:59,2,1,13
BRDA:59,3,0,28
BRDA:59,3,1,18
BRDA:63,4,0,4
BRDA:63,4,1,24
BRDA:63,5,0,28
BRDA:63,5,1,16
BRDA:68,6,0,13
BRDA:68,6,1,15
BRF:14
BRH:13
end_of_record
TN:
SF:src/数据结构/优先级队列.ts
FN:3,(anonymous_6)
FN:4,PriorityQueue
FN:8,(anonymous_8)
FNF:3
FNH:3
FNDA:1,(anonymous_6)
FNDA:3,PriorityQueue
FNDA:2,(anonymous_8)
DA:1,1
DA:3,1
DA:5,3
DA:8,1
DA:9,2
DA:10,2
DA:12,2
DA:13,2
DA:15,1
LF:9
LH:9
BRDA:5,0,0,3
BRDA:5,0,1,0
BRF:2
BRH:1
end_of_record
